<?xml version="1.0" encoding="UTF-8"?>
<!-- Generated by org.testng.reporters.JUnitReportReporter -->
<testsuite hostname="DESKTOP-NPK11H1" failures="0" tests="1" name="API.RestAssuredAPI.PathAndQueryParamaters" time="2.008" errors="0" timestamp="2023-07-05T13:41:50 EEST" skipped="0">
  <testcase classname="API.RestAssuredAPI.PathAndQueryParamaters" name="testQueryParameter" time="2.008"/>
  <system-out/>
</testsuite> <!-- API.RestAssuredAPI.PathAndQueryParamaters -->
