<?xml version="1.0" encoding="UTF-8"?>
<!-- Generated by org.testng.reporters.JUnitReportReporter -->
<testsuite hostname="DESKTOP-NPK11H1" failures="0" tests="2" name="API.RestAssuredAPI.ParsingJsonResponsData" time="150.498" errors="0" timestamp="2023-07-06T22:06:48 EEST" skipped="0">
  <testcase classname="API.RestAssuredAPI.ParsingJsonResponsData" name="testJsonResponse" time="150.436"/>
  <system-out/>
  <testcase classname="API.RestAssuredAPI.ParsingJsonResponsData" name="testJsonResponse2" time="0.062"/>
  <system-out/>
</testsuite> <!-- API.RestAssuredAPI.ParsingJsonResponsData -->
