<?xml version="1.0" encoding="UTF-8"?>
<!-- Generated by org.testng.reporters.JUnitReportReporter -->
<testsuite hostname="DESKTOP-NPK11H1" failures="0" tests="1" name="API.RestAssuredAPI.ParsinhXMLResponse" time="2.133" errors="0" timestamp="2023-07-07T12:58:33 EEST" skipped="0">
  <testcase classname="API.RestAssuredAPI.ParsinhXMLResponse" name="testXMLResponseBody" time="2.133"/>
  <system-out/>
</testsuite> <!-- API.RestAssuredAPI.ParsinhXMLResponse -->
