<?xml version="1.0" encoding="UTF-8"?>
<!-- Generated by org.testng.reporters.JUnitReportReporter -->
<testsuite hostname="DESKTOP-NPK11H1" failures="0" tests="4" name="API.RestAssuredAPI.HTTPRequest" time="3.436" errors="0" timestamp="2023-07-04T19:42:53 EEST" skipped="0">
  <testcase classname="API.RestAssuredAPI.HTTPRequest" name="getUser" time="2.095"/>
  <system-out/>
  <testcase classname="API.RestAssuredAPI.HTTPRequest" name="createUser" time="0.652"/>
  <system-out/>
  <testcase classname="API.RestAssuredAPI.HTTPRequest" name="UpdateUser" time="0.358"/>
  <system-out/>
  <testcase classname="API.RestAssuredAPI.HTTPRequest" name="deleteUser" time="0.331"/>
  <system-out/>
</testsuite> <!-- API.RestAssuredAPI.HTTPRequest -->
