<?xml version="1.0" encoding="UTF-8"?>
<!-- Generated by org.testng.reporters.JUnitReportReporter -->
<testsuite hostname="DESKTOP-NPK11H1" failures="0" tests="1" name="API.RestAssuredAPI.CookiesDemo" time="2.403" errors="0" timestamp="2023-07-05T15:14:05 EEST" skipped="0">
  <testcase classname="API.RestAssuredAPI.CookiesDemo" name="getCookiesInfo" time="2.403"/>
  <system-out/>
</testsuite> <!-- API.RestAssuredAPI.CookiesDemo -->
