<?xml version="1.0" encoding="UTF-8"?>
<!-- Generated by org.testng.reporters.JUnitReportReporter -->
<testsuite hostname="DESKTOP-NPK11H1" failures="0" tests="1" name="API.RestAssuredAPI.DifWaysToCreatePostRequestBody" time="1.861" errors="0" timestamp="2023-07-05T13:21:58 EEST" skipped="0">
  <testcase classname="API.RestAssuredAPI.DifWaysToCreatePostRequestBody" name="testPostUsingJsonFile" time="1.861"/>
  <system-out/>
</testsuite> <!-- API.RestAssuredAPI.DifWaysToCreatePostRequestBody -->
