<?xml version="1.0" encoding="UTF-8"?>
<!-- Generated by org.testng.reporters.JUnitReportReporter -->
<testsuite hostname="DESKTOP-NPK11H1" failures="0" tests="1" name="API.RestAssuredAPI.JSONSchemaValidation" time="2.514" errors="0" timestamp="2023-07-07T14:55:55 EEST" skipped="0">
  <testcase classname="API.RestAssuredAPI.JSONSchemaValidation" name="testJSONSchemaValidation" time="2.514"/>
  <system-out/>
</testsuite> <!-- API.RestAssuredAPI.JSONSchemaValidation -->
