<?xml version="1.0" encoding="UTF-8"?>
<!-- Generated by org.testng.reporters.JUnitReportReporter -->
<testsuite hostname="DESKTOP-NPK11H1" failures="0" tests="1" name="API.RestAssuredAPI.LoggingDemo" time="7.124" errors="0" timestamp="2023-07-05T16:25:21 EEST" skipped="0">
  <testcase classname="API.RestAssuredAPI.LoggingDemo" name="testLogs" time="7.124"/>
  <system-out/>
</testsuite> <!-- API.RestAssuredAPI.LoggingDemo -->
