<?xml version="1.0" encoding="UTF-8"?>
<!-- Generated by org.testng.reporters.JUnitReportReporter -->
<testsuite hostname="DESKTOP-NPK11H1" failures="0" tests="2" name="API.RestAssuredAPI.HeadersDemo" time="2.865" errors="0" timestamp="2023-07-05T16:03:37 EEST" skipped="0">
  <testcase classname="API.RestAssuredAPI.HeadersDemo" name="testHeaders" time="2.090"/>
  <system-out/>
  <testcase classname="API.RestAssuredAPI.HeadersDemo" name="getHeaders" time="0.775"/>
  <system-out/>
</testsuite> <!-- API.RestAssuredAPI.HeadersDemo -->
